2018-02-03 11:42:13.730 DEBUG 9928 --- [restartedMain] o.s.w.c.s.StandardServletEnvironment     : Adding PropertySource 'servletConfigInitParams' with lowest search precedence
2018-02-03 11:42:13.731 DEBUG 9928 --- [restartedMain] o.s.w.c.s.StandardServletEnvironment     : Adding PropertySource 'servletContextInitParams' with lowest search precedence
2018-02-03 11:42:13.731 DEBUG 9928 --- [restartedMain] o.s.w.c.s.StandardServletEnvironment     : Adding PropertySource 'systemProperties' with lowest search precedence
2018-02-03 11:42:13.731 DEBUG 9928 --- [restartedMain] o.s.w.c.s.StandardServletEnvironment     : Adding PropertySource 'systemEnvironment' with lowest search precedence
2018-02-03 11:42:13.731 DEBUG 9928 --- [restartedMain] o.s.w.c.s.StandardServletEnvironment     : Initialized StandardServletEnvironment with PropertySources [StubPropertySource {name='servletConfigInitParams'}, StubPropertySource {name='servletContextInitParams'}, MapPropertySource {name='systemProperties'}, SystemEnvironmentPropertySource {name='systemEnvironment'}]
2018-02-03 11:42:13.743  INFO 9928 --- [restartedMain] c.d.g.GamificationApplication            : Starting GamificationApplication on HGROCLTI002247 with PID 9928 (D:\wd\personalProject\app\gamification\target\classes started by PrataD in D:\wd\personalProject\app\gamification)
2018-02-03 11:42:13.743  INFO 9928 --- [restartedMain] c.d.g.GamificationApplication            : No active profile set, falling back to default profiles: default
2018-02-03 11:42:13.746  INFO 9928 --- [restartedMain] ationConfigEmbeddedWebApplicationContext : Refreshing org.springframework.boot.context.embedded.AnnotationConfigEmbeddedWebApplicationContext@58f33f8c: startup date [Sat Feb 03 11:42:13 EET 2018]; root of context hierarchy
2018-02-03 11:42:14.248 DEBUG 9928 --- [restartedMain] o.s.w.c.s.StandardServletEnvironment     : Adding PropertySource 'applicationConfig: [classpath:/application.properties]' with search precedence immediately lower than 'applicationConfigurationProperties'
2018-02-03 11:42:14.248 DEBUG 9928 --- [restartedMain] o.s.w.c.s.StandardServletEnvironment     : Removing PropertySource 'applicationConfigurationProperties'
2018-02-03 11:42:14.249 DEBUG 9928 --- [restartedMain] o.s.w.c.s.StandardServletEnvironment     : Removing PropertySource 'defaultProperties'
2018-02-03 11:42:14.338  INFO 9928 --- [restartedMain] s.b.c.e.t.TomcatEmbeddedServletContainer : Tomcat initialized with port(s): 8080 (http)
2018-02-03 11:42:14.338  INFO 9928 --- [restartedMain] o.apache.catalina.core.StandardService   : Starting service [Tomcat]
2018-02-03 11:42:14.339  INFO 9928 --- [restartedMain] org.apache.catalina.core.StandardEngine  : Starting Servlet Engine: Apache Tomcat/8.5.23
2018-02-03 11:42:14.356  INFO 9928 --- [localhost-startStop-1] o.a.c.c.C.[Tomcat].[localhost].[/]       : Initializing Spring embedded WebApplicationContext
2018-02-03 11:42:14.357 DEBUG 9928 --- [localhost-startStop-1] o.s.web.context.ContextLoader            : Published root WebApplicationContext as ServletContext attribute with name [org.springframework.web.context.WebApplicationContext.ROOT]
2018-02-03 11:42:14.357  INFO 9928 --- [localhost-startStop-1] o.s.web.context.ContextLoader            : Root WebApplicationContext: initialization completed in 611 ms
2018-02-03 11:42:14.384  INFO 9928 --- [localhost-startStop-1] o.s.b.w.servlet.ServletRegistrationBean  : Mapping servlet: 'dispatcherServlet' to [/]
2018-02-03 11:42:14.384  INFO 9928 --- [localhost-startStop-1] o.s.b.w.servlet.FilterRegistrationBean   : Mapping filter: 'characterEncodingFilter' to: [/*]
2018-02-03 11:42:14.384  INFO 9928 --- [localhost-startStop-1] o.s.b.w.servlet.FilterRegistrationBean   : Mapping filter: 'hiddenHttpMethodFilter' to: [/*]
2018-02-03 11:42:14.385  INFO 9928 --- [localhost-startStop-1] o.s.b.w.servlet.FilterRegistrationBean   : Mapping filter: 'httpPutFormContentFilter' to: [/*]
2018-02-03 11:42:14.385  INFO 9928 --- [localhost-startStop-1] o.s.b.w.servlet.FilterRegistrationBean   : Mapping filter: 'requestContextFilter' to: [/*]
2018-02-03 11:42:14.387 DEBUG 9928 --- [restartedMain] o.s.w.c.s.StandardServletEnvironment     : Replacing PropertySource 'servletContextInitParams' with 'servletContextInitParams'
2018-02-03 11:42:14.409  INFO 9928 --- [restartedMain] org.mongodb.driver.cluster               : Cluster created with settings {hosts=[localhost:27017], mode=SINGLE, requiredClusterType=UNKNOWN, serverSelectionTimeout='30000 ms', maxWaitQueueSize=500}
2018-02-03 11:42:14.428  INFO 9928 --- [cluster-ClusterId{value='5a7583f6d85e1226c8511cd7', description='null'}-localhost:27017] org.mongodb.driver.connection            : Opened connection [connectionId{localValue:3, serverValue:8}] to localhost:27017
2018-02-03 11:42:14.429  INFO 9928 --- [cluster-ClusterId{value='5a7583f6d85e1226c8511cd7', description='null'}-localhost:27017] org.mongodb.driver.cluster               : Monitor thread successfully connected to server with description ServerDescription{address=localhost:27017, type=STANDALONE, state=CONNECTED, ok=true, version=ServerVersion{versionList=[3, 6, 1]}, minWireVersion=0, maxWireVersion=6, maxDocumentSize=16777216, roundTripTimeNanos=681572}
2018-02-03 11:42:14.540  INFO 9928 --- [restartedMain] s.w.s.m.m.a.RequestMappingHandlerAdapter : Looking for @ControllerAdvice: org.springframework.boot.context.embedded.AnnotationConfigEmbeddedWebApplicationContext@58f33f8c: startup date [Sat Feb 03 11:42:13 EET 2018]; root of context hierarchy
2018-02-03 11:42:14.545 DEBUG 9928 --- [restartedMain] s.w.s.m.m.a.RequestMappingHandlerMapping : Looking for earnedPointsRequest mappings in application context: org.springframework.boot.context.embedded.AnnotationConfigEmbeddedWebApplicationContext@58f33f8c: startup date [Sat Feb 03 11:42:13 EET 2018]; root of context hierarchy
2018-02-03 11:42:14.545 DEBUG 9928 --- [restartedMain] s.w.s.m.m.a.RequestMappingHandlerMapping : 0 earnedPointsRequest handler methods found on class com.dep.gamification.controllers.ProposalController: {}
2018-02-03 11:42:14.546 DEBUG 9928 --- [restartedMain] s.w.s.m.m.a.RequestMappingHandlerMapping : 1 earnedPointsRequest handler methods found on class com.dep.gamification.controllers.EarnedPointsRequestController: {public org.springframework.http.ResponseEntity com.dep.gamification.controllers.EarnedPointsRequestController.createEarnedPointsRequest(com.dep.gamification.models.EarnedPointsRequest)={[/earnedPointsRequest],methods=[POST]}}
2018-02-03 11:42:14.546  INFO 9928 --- [restartedMain] s.w.s.m.m.a.RequestMappingHandlerMapping : Mapped "{[/earnedPointsRequest],methods=[POST]}" onto public org.springframework.http.ResponseEntity<java.lang.String> com.dep.gamification.controllers.EarnedPointsRequestController.createEarnedPointsRequest(com.dep.gamification.models.EarnedPointsRequest)
2018-02-03 11:42:14.547 DEBUG 9928 --- [restartedMain] s.w.s.m.m.a.RequestMappingHandlerMapping : 3 earnedPointsRequest handler methods found on class com.dep.gamification.controllers.UserController: {public org.springframework.http.ResponseEntity com.dep.gamification.controllers.UserController.getUserByUserId(java.lang.String)={[/users/{userId}],methods=[GET]}, public org.springframework.http.ResponseEntity com.dep.gamification.controllers.UserController.getAllUsers()={[/users/],methods=[GET]}, public org.springframework.http.ResponseEntity com.dep.gamification.controllers.UserController.createUser(com.dep.gamification.models.User)={[/users/creation],methods=[POST]}}
2018-02-03 11:42:14.547  INFO 9928 --- [restartedMain] s.w.s.m.m.a.RequestMappingHandlerMapping : Mapped "{[/users/{userId}],methods=[GET]}" onto public org.springframework.http.ResponseEntity<com.dep.gamification.models.User> com.dep.gamification.controllers.UserController.getUserByUserId(java.lang.String)
2018-02-03 11:42:14.547  INFO 9928 --- [restartedMain] s.w.s.m.m.a.RequestMappingHandlerMapping : Mapped "{[/users/],methods=[GET]}" onto public org.springframework.http.ResponseEntity<java.util.List<com.dep.gamification.models.User>> com.dep.gamification.controllers.UserController.getAllUsers()
2018-02-03 11:42:14.548  INFO 9928 --- [restartedMain] s.w.s.m.m.a.RequestMappingHandlerMapping : Mapped "{[/users/creation],methods=[POST]}" onto public org.springframework.http.ResponseEntity<java.lang.String> com.dep.gamification.controllers.UserController.createUser(com.dep.gamification.models.User)
2018-02-03 11:42:14.549 DEBUG 9928 --- [restartedMain] s.w.s.m.m.a.RequestMappingHandlerMapping : 2 earnedPointsRequest handler methods found on class org.springframework.boot.autoconfigure.web.BasicErrorController: {public org.springframework.http.ResponseEntity org.springframework.boot.autoconfigure.web.BasicErrorController.error(javax.servlet.http.HttpServletRequest)={[/error]}, public org.springframework.web.servlet.ModelAndView org.springframework.boot.autoconfigure.web.BasicErrorController.errorHtml(javax.servlet.http.HttpServletRequest,javax.servlet.http.HttpServletResponse)={[/error],produces=[text/html]}}
2018-02-03 11:42:14.549  INFO 9928 --- [restartedMain] s.w.s.m.m.a.RequestMappingHandlerMapping : Mapped "{[/error]}" onto public org.springframework.http.ResponseEntity<java.util.Map<java.lang.String, java.lang.Object>> org.springframework.boot.autoconfigure.web.BasicErrorController.error(javax.servlet.http.HttpServletRequest)
2018-02-03 11:42:14.549  INFO 9928 --- [restartedMain] s.w.s.m.m.a.RequestMappingHandlerMapping : Mapped "{[/error],produces=[text/html]}" onto public org.springframework.web.servlet.ModelAndView org.springframework.boot.autoconfigure.web.BasicErrorController.errorHtml(javax.servlet.http.HttpServletRequest,javax.servlet.http.HttpServletResponse)
2018-02-03 11:42:14.604 DEBUG 9928 --- [restartedMain] o.s.w.s.h.BeanNameUrlHandlerMapping      : Looking for URL mappings in application context: org.springframework.boot.context.embedded.AnnotationConfigEmbeddedWebApplicationContext@58f33f8c: startup date [Sat Feb 03 11:42:13 EET 2018]; root of context hierarchy
2018-02-03 11:42:14.605 DEBUG 9928 --- [restartedMain] o.s.w.s.h.BeanNameUrlHandlerMapping      : Rejected bean name 'org.springframework.context.annotation.internalConfigurationAnnotationProcessor': no URL paths identified
2018-02-03 11:42:14.605 DEBUG 9928 --- [restartedMain] o.s.w.s.h.BeanNameUrlHandlerMapping      : Rejected bean name 'org.springframework.context.annotation.internalAutowiredAnnotationProcessor': no URL paths identified
2018-02-03 11:42:14.605 DEBUG 9928 --- [restartedMain] o.s.w.s.h.BeanNameUrlHandlerMapping      : Rejected bean name 'org.springframework.context.annotation.internalRequiredAnnotationProcessor': no URL paths identified
2018-02-03 11:42:14.605 DEBUG 9928 --- [restartedMain] o.s.w.s.h.BeanNameUrlHandlerMapping      : Rejected bean name 'org.springframework.context.annotation.internalCommonAnnotationProcessor': no URL paths identified
2018-02-03 11:42:14.605 DEBUG 9928 --- [restartedMain] o.s.w.s.h.BeanNameUrlHandlerMapping      : Rejected bean name 'org.springframework.context.event.internalEventListenerProcessor': no URL paths identified
2018-02-03 11:42:14.605 DEBUG 9928 --- [restartedMain] o.s.w.s.h.BeanNameUrlHandlerMapping      : Rejected bean name 'org.springframework.context.event.internalEventListenerFactory': no URL paths identified
2018-02-03 11:42:14.605 DEBUG 9928 --- [restartedMain] o.s.w.s.h.BeanNameUrlHandlerMapping      : Rejected bean name 'gamificationApplication': no URL paths identified
2018-02-03 11:42:14.606 DEBUG 9928 --- [restartedMain] o.s.w.s.h.BeanNameUrlHandlerMapping      : Rejected bean name 'org.springframework.boot.autoconfigure.internalCachingMetadataReaderFactory': no URL paths identified
2018-02-03 11:42:14.606 DEBUG 9928 --- [restartedMain] o.s.w.s.h.BeanNameUrlHandlerMapping      : Rejected bean name 'proposalController': no URL paths identified
2018-02-03 11:42:14.606 DEBUG 9928 --- [restartedMain] o.s.w.s.h.BeanNameUrlHandlerMapping      : Rejected bean name 'requestController': no URL paths identified
2018-02-03 11:42:14.606 DEBUG 9928 --- [restartedMain] o.s.w.s.h.BeanNameUrlHandlerMapping      : Rejected bean name 'userController': no URL paths identified
2018-02-03 11:42:14.606 DEBUG 9928 --- [restartedMain] o.s.w.s.h.BeanNameUrlHandlerMapping      : Rejected bean name 'requestService': no URL paths identified
2018-02-03 11:42:14.606 DEBUG 9928 --- [restartedMain] o.s.w.s.h.BeanNameUrlHandlerMapping      : Rejected bean name 'userService': no URL paths identified
2018-02-03 11:42:14.606 DEBUG 9928 --- [restartedMain] o.s.w.s.h.BeanNameUrlHandlerMapping      : Rejected bean name 'org.springframework.boot.autoconfigure.AutoConfigurationPackages': no URL paths identified
2018-02-03 11:42:14.606 DEBUG 9928 --- [restartedMain] o.s.w.s.h.BeanNameUrlHandlerMapping      : Rejected bean name 'org.springframework.boot.autoconfigure.context.PropertyPlaceholderAutoConfiguration': no URL paths identified
2018-02-03 11:42:14.606 DEBUG 9928 --- [restartedMain] o.s.w.s.h.BeanNameUrlHandlerMapping      : Rejected bean name 'org.springframework.boot.autoconfigure.condition.BeanTypeRegistry': no URL paths identified
2018-02-03 11:42:14.606 DEBUG 9928 --- [restartedMain] o.s.w.s.h.BeanNameUrlHandlerMapping      : Rejected bean name 'propertySourcesPlaceholderConfigurer': no URL paths identified
2018-02-03 11:42:14.606 DEBUG 9928 --- [restartedMain] o.s.w.s.h.BeanNameUrlHandlerMapping      : Rejected bean name 'org.springframework.boot.autoconfigure.jackson.JacksonAutoConfiguration$Jackson2ObjectMapperBuilderCustomizerConfiguration': no URL paths identified
2018-02-03 11:42:14.606 DEBUG 9928 --- [restartedMain] o.s.w.s.h.BeanNameUrlHandlerMapping      : Rejected bean name 'standardJacksonObjectMapperBuilderCustomizer': no URL paths identified
2018-02-03 11:42:14.606 DEBUG 9928 --- [restartedMain] o.s.w.s.h.BeanNameUrlHandlerMapping      : Rejected bean name 'spring.jackson-org.springframework.boot.autoconfigure.jackson.JacksonProperties': no URL paths identified
2018-02-03 11:42:14.607 DEBUG 9928 --- [restartedMain] o.s.w.s.h.BeanNameUrlHandlerMapping      : Rejected bean name 'org.springframework.boot.context.properties.ConfigurationPropertiesBindingPostProcessor': no URL paths identified
2018-02-03 11:42:14.607 DEBUG 9928 --- [restartedMain] o.s.w.s.h.BeanNameUrlHandlerMapping      : Rejected bean name 'org.springframework.boot.context.properties.ConfigurationPropertiesBindingPostProcessor.store': no URL paths identified
2018-02-03 11:42:14.607 DEBUG 9928 --- [restartedMain] o.s.w.s.h.BeanNameUrlHandlerMapping      : Rejected bean name 'org.springframework.boot.autoconfigure.jackson.JacksonAutoConfiguration$JacksonObjectMapperBuilderConfiguration': no URL paths identified
2018-02-03 11:42:14.607 DEBUG 9928 --- [restartedMain] o.s.w.s.h.BeanNameUrlHandlerMapping      : Rejected bean name 'jacksonObjectMapperBuilder': no URL paths identified
2018-02-03 11:42:14.607 DEBUG 9928 --- [restartedMain] o.s.w.s.h.BeanNameUrlHandlerMapping      : Rejected bean name 'org.springframework.boot.autoconfigure.jackson.JacksonAutoConfiguration$JacksonObjectMapperConfiguration': no URL paths identified
2018-02-03 11:42:14.607 DEBUG 9928 --- [restartedMain] o.s.w.s.h.BeanNameUrlHandlerMapping      : Rejected bean name 'jacksonObjectMapper': no URL paths identified
2018-02-03 11:42:14.607 DEBUG 9928 --- [restartedMain] o.s.w.s.h.BeanNameUrlHandlerMapping      : Rejected bean name 'org.springframework.boot.autoconfigure.jackson.JacksonAutoConfiguration': no URL paths identified
2018-02-03 11:42:14.607 DEBUG 9928 --- [restartedMain] o.s.w.s.h.BeanNameUrlHandlerMapping      : Rejected bean name 'jsonComponentModule': no URL paths identified
2018-02-03 11:42:14.607 DEBUG 9928 --- [restartedMain] o.s.w.s.h.BeanNameUrlHandlerMapping      : Rejected bean name 'org.springframework.boot.autoconfigure.websocket.WebSocketAutoConfiguration$TomcatWebSocketConfiguration': no URL paths identified
2018-02-03 11:42:14.607 DEBUG 9928 --- [restartedMain] o.s.w.s.h.BeanNameUrlHandlerMapping      : Rejected bean name 'websocketContainerCustomizer': no URL paths identified
2018-02-03 11:42:14.607 DEBUG 9928 --- [restartedMain] o.s.w.s.h.BeanNameUrlHandlerMapping      : Rejected bean name 'org.springframework.boot.autoconfigure.websocket.WebSocketAutoConfiguration': no URL paths identified
2018-02-03 11:42:14.607 DEBUG 9928 --- [restartedMain] o.s.w.s.h.BeanNameUrlHandlerMapping      : Rejected bean name 'org.springframework.boot.autoconfigure.web.EmbeddedServletContainerAutoConfiguration$EmbeddedTomcat': no URL paths identified
2018-02-03 11:42:14.607 DEBUG 9928 --- [restartedMain] o.s.w.s.h.BeanNameUrlHandlerMapping      : Rejected bean name 'tomcatEmbeddedServletContainerFactory': no URL paths identified
2018-02-03 11:42:14.607 DEBUG 9928 --- [restartedMain] o.s.w.s.h.BeanNameUrlHandlerMapping      : Rejected bean name 'org.springframework.boot.autoconfigure.web.EmbeddedServletContainerAutoConfiguration': no URL paths identified
2018-02-03 11:42:14.607 DEBUG 9928 --- [restartedMain] o.s.w.s.h.BeanNameUrlHandlerMapping      : Rejected bean name 'embeddedServletContainerCustomizerBeanPostProcessor': no URL paths identified
2018-02-03 11:42:14.608 DEBUG 9928 --- [restartedMain] o.s.w.s.h.BeanNameUrlHandlerMapping      : Rejected bean name 'errorPageRegistrarBeanPostProcessor': no URL paths identified
2018-02-03 11:42:14.608 DEBUG 9928 --- [restartedMain] o.s.w.s.h.BeanNameUrlHandlerMapping      : Rejected bean name 'org.springframework.boot.autoconfigure.web.DispatcherServletAutoConfiguration$DispatcherServletConfiguration': no URL paths identified
2018-02-03 11:42:14.608 DEBUG 9928 --- [restartedMain] o.s.w.s.h.BeanNameUrlHandlerMapping      : Rejected bean name 'dispatcherServlet': no URL paths identified
2018-02-03 11:42:14.608 DEBUG 9928 --- [restartedMain] o.s.w.s.h.BeanNameUrlHandlerMapping      : Rejected bean name 'spring.mvc-org.springframework.boot.autoconfigure.web.WebMvcProperties': no URL paths identified
2018-02-03 11:42:14.608 DEBUG 9928 --- [restartedMain] o.s.w.s.h.BeanNameUrlHandlerMapping      : Rejected bean name 'org.springframework.boot.autoconfigure.web.DispatcherServletAutoConfiguration$DispatcherServletRegistrationConfiguration': no URL paths identified
2018-02-03 11:42:14.608 DEBUG 9928 --- [restartedMain] o.s.w.s.h.BeanNameUrlHandlerMapping      : Rejected bean name 'dispatcherServletRegistration': no URL paths identified
2018-02-03 11:42:14.608 DEBUG 9928 --- [restartedMain] o.s.w.s.h.BeanNameUrlHandlerMapping      : Rejected bean name 'org.springframework.boot.autoconfigure.web.DispatcherServletAutoConfiguration': no URL paths identified
2018-02-03 11:42:14.608 DEBUG 9928 --- [restartedMain] o.s.w.s.h.BeanNameUrlHandlerMapping      : Rejected bean name 'org.springframework.boot.autoconfigure.validation.ValidationAutoConfiguration': no URL paths identified
2018-02-03 11:42:14.608 DEBUG 9928 --- [restartedMain] o.s.w.s.h.BeanNameUrlHandlerMapping      : Rejected bean name 'defaultValidator': no URL paths identified
2018-02-03 11:42:14.608 DEBUG 9928 --- [restartedMain] o.s.w.s.h.BeanNameUrlHandlerMapping      : Rejected bean name 'methodValidationPostProcessor': no URL paths identified
2018-02-03 11:42:14.608 DEBUG 9928 --- [restartedMain] o.s.w.s.h.BeanNameUrlHandlerMapping      : Rejected bean name 'org.springframework.boot.autoconfigure.web.ErrorMvcAutoConfiguration$WhitelabelErrorViewConfiguration': no URL paths identified
2018-02-03 11:42:14.608 DEBUG 9928 --- [restartedMain] o.s.w.s.h.BeanNameUrlHandlerMapping      : Rejected bean name 'error': no URL paths identified
2018-02-03 11:42:14.608 DEBUG 9928 --- [restartedMain] o.s.w.s.h.BeanNameUrlHandlerMapping      : Rejected bean name 'beanNameViewResolver': no URL paths identified
2018-02-03 11:42:14.608 DEBUG 9928 --- [restartedMain] o.s.w.s.h.BeanNameUrlHandlerMapping      : Rejected bean name 'org.springframework.boot.autoconfigure.web.ErrorMvcAutoConfiguration$DefaultErrorViewResolverConfiguration': no URL paths identified
2018-02-03 11:42:14.608 DEBUG 9928 --- [restartedMain] o.s.w.s.h.BeanNameUrlHandlerMapping      : Rejected bean name 'conventionErrorViewResolver': no URL paths identified
2018-02-03 11:42:14.608 DEBUG 9928 --- [restartedMain] o.s.w.s.h.BeanNameUrlHandlerMapping      : Rejected bean name 'org.springframework.boot.autoconfigure.web.ErrorMvcAutoConfiguration': no URL paths identified
2018-02-03 11:42:14.608 DEBUG 9928 --- [restartedMain] o.s.w.s.h.BeanNameUrlHandlerMapping      : Rejected bean name 'errorAttributes': no URL paths identified
2018-02-03 11:42:14.608 DEBUG 9928 --- [restartedMain] o.s.w.s.h.BeanNameUrlHandlerMapping      : Rejected bean name 'basicErrorController': no URL paths identified
2018-02-03 11:42:14.621 DEBUG 9928 --- [restartedMain] o.s.w.s.h.BeanNameUrlHandlerMapping      : Rejected bean name 'errorPageCustomizer': no URL paths identified
2018-02-03 11:42:14.621 DEBUG 9928 --- [restartedMain] o.s.w.s.h.BeanNameUrlHandlerMapping      : Rejected bean name 'preserveErrorControllerTargetClassPostProcessor': no URL paths identified
2018-02-03 11:42:14.621 DEBUG 9928 --- [restartedMain] o.s.w.s.h.BeanNameUrlHandlerMapping      : Rejected bean name 'spring.resources-org.springframework.boot.autoconfigure.web.ResourceProperties': no URL paths identified
2018-02-03 11:42:14.621 DEBUG 9928 --- [restartedMain] o.s.w.s.h.BeanNameUrlHandlerMapping      : Rejected bean name 'org.springframework.boot.autoconfigure.web.WebMvcAutoConfiguration$EnableWebMvcConfiguration': no URL paths identified
2018-02-03 11:42:14.621 DEBUG 9928 --- [restartedMain] o.s.w.s.h.BeanNameUrlHandlerMapping      : Rejected bean name 'requestMappingHandlerAdapter': no URL paths identified
2018-02-03 11:42:14.621 DEBUG 9928 --- [restartedMain] o.s.w.s.h.BeanNameUrlHandlerMapping      : Rejected bean name 'requestMappingHandlerMapping': no URL paths identified
2018-02-03 11:42:14.621 DEBUG 9928 --- [restartedMain] o.s.w.s.h.BeanNameUrlHandlerMapping      : Rejected bean name 'mvcValidator': no URL paths identified
2018-02-03 11:42:14.621 DEBUG 9928 --- [restartedMain] o.s.w.s.h.BeanNameUrlHandlerMapping      : Rejected bean name 'mvcContentNegotiationManager': no URL paths identified
2018-02-03 11:42:14.621 DEBUG 9928 --- [restartedMain] o.s.w.s.h.BeanNameUrlHandlerMapping      : Rejected bean name 'mvcPathMatcher': no URL paths identified
2018-02-03 11:42:14.621 DEBUG 9928 --- [restartedMain] o.s.w.s.h.BeanNameUrlHandlerMapping      : Rejected bean name 'mvcUrlPathHelper': no URL paths identified
2018-02-03 11:42:14.621 DEBUG 9928 --- [restartedMain] o.s.w.s.h.BeanNameUrlHandlerMapping      : Rejected bean name 'viewControllerHandlerMapping': no URL paths identified
2018-02-03 11:42:14.621 DEBUG 9928 --- [restartedMain] o.s.w.s.h.BeanNameUrlHandlerMapping      : Rejected bean name 'beanNameHandlerMapping': no URL paths identified
2018-02-03 11:42:14.621 DEBUG 9928 --- [restartedMain] o.s.w.s.h.BeanNameUrlHandlerMapping      : Rejected bean name 'resourceHandlerMapping': no URL paths identified
2018-02-03 11:42:14.621 DEBUG 9928 --- [restartedMain] o.s.w.s.h.BeanNameUrlHandlerMapping      : Rejected bean name 'mvcResourceUrlProvider': no URL paths identified
2018-02-03 11:42:14.621 DEBUG 9928 --- [restartedMain] o.s.w.s.h.BeanNameUrlHandlerMapping      : Rejected bean name 'defaultServletHandlerMapping': no URL paths identified
2018-02-03 11:42:14.621 DEBUG 9928 --- [restartedMain] o.s.w.s.h.BeanNameUrlHandlerMapping      : Rejected bean name 'mvcConversionService': no URL paths identified
2018-02-03 11:42:14.622 DEBUG 9928 --- [restartedMain] o.s.w.s.h.BeanNameUrlHandlerMapping      : Rejected bean name 'mvcUriComponentsContributor': no URL paths identified
2018-02-03 11:42:14.622 DEBUG 9928 --- [restartedMain] o.s.w.s.h.BeanNameUrlHandlerMapping      : Rejected bean name 'httpRequestHandlerAdapter': no URL paths identified
2018-02-03 11:42:14.622 DEBUG 9928 --- [restartedMain] o.s.w.s.h.BeanNameUrlHandlerMapping      : Rejected bean name 'simpleControllerHandlerAdapter': no URL paths identified
2018-02-03 11:42:14.622 DEBUG 9928 --- [restartedMain] o.s.w.s.h.BeanNameUrlHandlerMapping      : Rejected bean name 'handlerExceptionResolver': no URL paths identified
2018-02-03 11:42:14.622 DEBUG 9928 --- [restartedMain] o.s.w.s.h.BeanNameUrlHandlerMapping      : Rejected bean name 'mvcViewResolver': no URL paths identified
2018-02-03 11:42:14.622 DEBUG 9928 --- [restartedMain] o.s.w.s.h.BeanNameUrlHandlerMapping      : Rejected bean name 'mvcHandlerMappingIntrospector': no URL paths identified
2018-02-03 11:42:14.622 DEBUG 9928 --- [restartedMain] o.s.w.s.h.BeanNameUrlHandlerMapping      : Rejected bean name 'org.springframework.boot.autoconfigure.web.WebMvcAutoConfiguration$WebMvcAutoConfigurationAdapter$FaviconConfiguration': no URL paths identified
2018-02-03 11:42:14.647 DEBUG 9928 --- [restartedMain] o.s.w.s.h.BeanNameUrlHandlerMapping      : Rejected bean name 'faviconHandlerMapping': no URL paths identified
2018-02-03 11:42:14.647 DEBUG 9928 --- [restartedMain] o.s.w.s.h.BeanNameUrlHandlerMapping      : Rejected bean name 'faviconRequestHandler': no URL paths identified
2018-02-03 11:42:14.648 DEBUG 9928 --- [restartedMain] o.s.w.s.h.BeanNameUrlHandlerMapping      : Rejected bean name 'org.springframework.boot.autoconfigure.web.WebMvcAutoConfiguration$WebMvcAutoConfigurationAdapter': no URL paths identified
2018-02-03 11:42:14.648 DEBUG 9928 --- [restartedMain] o.s.w.s.h.BeanNameUrlHandlerMapping      : Rejected bean name 'defaultViewResolver': no URL paths identified
2018-02-03 11:42:14.648 DEBUG 9928 --- [restartedMain] o.s.w.s.h.BeanNameUrlHandlerMapping      : Rejected bean name 'viewResolver': no URL paths identified
2018-02-03 11:42:14.648 DEBUG 9928 --- [restartedMain] o.s.w.s.h.BeanNameUrlHandlerMapping      : Rejected bean name 'welcomePageHandlerMapping': no URL paths identified
2018-02-03 11:42:14.648 DEBUG 9928 --- [restartedMain] o.s.w.s.h.BeanNameUrlHandlerMapping      : Rejected bean name 'requestContextFilter': no URL paths identified
2018-02-03 11:42:14.648 DEBUG 9928 --- [restartedMain] o.s.w.s.h.BeanNameUrlHandlerMapping      : Rejected bean name 'org.springframework.boot.autoconfigure.web.WebMvcAutoConfiguration': no URL paths identified
2018-02-03 11:42:14.649 DEBUG 9928 --- [restartedMain] o.s.w.s.h.BeanNameUrlHandlerMapping      : Rejected bean name 'hiddenHttpMethodFilter': no URL paths identified
2018-02-03 11:42:14.649 DEBUG 9928 --- [restartedMain] o.s.w.s.h.BeanNameUrlHandlerMapping      : Rejected bean name 'httpPutFormContentFilter': no URL paths identified
2018-02-03 11:42:14.649 DEBUG 9928 --- [restartedMain] o.s.w.s.h.BeanNameUrlHandlerMapping      : Rejected bean name 'org.springframework.boot.autoconfigure.jmx.JmxAutoConfiguration': no URL paths identified
2018-02-03 11:42:14.649 DEBUG 9928 --- [restartedMain] o.s.w.s.h.BeanNameUrlHandlerMapping      : Rejected bean name 'mbeanExporter': no URL paths identified
2018-02-03 11:42:14.649 DEBUG 9928 --- [restartedMain] o.s.w.s.h.BeanNameUrlHandlerMapping      : Rejected bean name 'objectNamingStrategy': no URL paths identified
2018-02-03 11:42:14.649 DEBUG 9928 --- [restartedMain] o.s.w.s.h.BeanNameUrlHandlerMapping      : Rejected bean name 'mbeanServer': no URL paths identified
2018-02-03 11:42:14.649 DEBUG 9928 --- [restartedMain] o.s.w.s.h.BeanNameUrlHandlerMapping      : Rejected bean name 'org.springframework.boot.autoconfigure.context.ConfigurationPropertiesAutoConfiguration': no URL paths identified
2018-02-03 11:42:14.649 DEBUG 9928 --- [restartedMain] o.s.w.s.h.BeanNameUrlHandlerMapping      : Rejected bean name 'org.springframework.boot.autoconfigure.dao.PersistenceExceptionTranslationAutoConfiguration': no URL paths identified
2018-02-03 11:42:14.649 DEBUG 9928 --- [restartedMain] o.s.w.s.h.BeanNameUrlHandlerMapping      : Rejected bean name 'persistenceExceptionTranslationPostProcessor': no URL paths identified
2018-02-03 11:42:14.649 DEBUG 9928 --- [restartedMain] o.s.w.s.h.BeanNameUrlHandlerMapping      : Rejected bean name 'org.springframework.boot.autoconfigure.mongo.MongoAutoConfiguration': no URL paths identified
2018-02-03 11:42:14.649 DEBUG 9928 --- [restartedMain] o.s.w.s.h.BeanNameUrlHandlerMapping      : Rejected bean name 'mongo': no URL paths identified
2018-02-03 11:42:14.649 DEBUG 9928 --- [restartedMain] o.s.w.s.h.BeanNameUrlHandlerMapping      : Rejected bean name 'spring.data.mongodb-org.springframework.boot.autoconfigure.mongo.MongoProperties': no URL paths identified
2018-02-03 11:42:14.649 DEBUG 9928 --- [restartedMain] o.s.w.s.h.BeanNameUrlHandlerMapping      : Rejected bean name 'org.springframework.boot.autoconfigure.data.mongo.MongoDataAutoConfiguration': no URL paths identified
2018-02-03 11:42:14.649 DEBUG 9928 --- [restartedMain] o.s.w.s.h.BeanNameUrlHandlerMapping      : Rejected bean name 'mongoDbFactory': no URL paths identified
2018-02-03 11:42:14.653 DEBUG 9928 --- [restartedMain] o.s.w.s.h.BeanNameUrlHandlerMapping      : Rejected bean name 'mongoTemplate': no URL paths identified
2018-02-03 11:42:14.653 DEBUG 9928 --- [restartedMain] o.s.w.s.h.BeanNameUrlHandlerMapping      : Rejected bean name 'mappingMongoConverter': no URL paths identified
2018-02-03 11:42:14.653 DEBUG 9928 --- [restartedMain] o.s.w.s.h.BeanNameUrlHandlerMapping      : Rejected bean name 'mongoMappingContext': no URL paths identified
2018-02-03 11:42:14.653 DEBUG 9928 --- [restartedMain] o.s.w.s.h.BeanNameUrlHandlerMapping      : Rejected bean name 'gridFsTemplate': no URL paths identified
2018-02-03 11:42:14.653 DEBUG 9928 --- [restartedMain] o.s.w.s.h.BeanNameUrlHandlerMapping      : Rejected bean name 'mongoCustomConversions': no URL paths identified
2018-02-03 11:42:14.653 DEBUG 9928 --- [restartedMain] o.s.w.s.h.BeanNameUrlHandlerMapping      : Rejected bean name 'org.springframework.boot.autoconfigure.data.mongo.MongoRepositoriesAutoConfiguration': no URL paths identified
2018-02-03 11:42:14.653 DEBUG 9928 --- [restartedMain] o.s.w.s.h.BeanNameUrlHandlerMapping      : Rejected bean name 'userRepository': no URL paths identified
2018-02-03 11:42:14.653 DEBUG 9928 --- [restartedMain] o.s.w.s.h.BeanNameUrlHandlerMapping      : Rejected bean name 'requestRepository': no URL paths identified
2018-02-03 11:42:14.653 DEBUG 9928 --- [restartedMain] o.s.w.s.h.BeanNameUrlHandlerMapping      : Rejected bean name 'org.springframework.boot.autoconfigure.web.HttpMessageConvertersAutoConfiguration$StringHttpMessageConverterConfiguration': no URL paths identified
2018-02-03 11:42:14.653 DEBUG 9928 --- [restartedMain] o.s.w.s.h.BeanNameUrlHandlerMapping      : Rejected bean name 'stringHttpMessageConverter': no URL paths identified
2018-02-03 11:42:14.653 DEBUG 9928 --- [restartedMain] o.s.w.s.h.BeanNameUrlHandlerMapping      : Rejected bean name 'spring.http.encoding-org.springframework.boot.autoconfigure.web.HttpEncodingProperties': no URL paths identified
2018-02-03 11:42:14.653 DEBUG 9928 --- [restartedMain] o.s.w.s.h.BeanNameUrlHandlerMapping      : Rejected bean name 'org.springframework.boot.autoconfigure.web.JacksonHttpMessageConvertersConfiguration$MappingJackson2HttpMessageConverterConfiguration': no URL paths identified
2018-02-03 11:42:14.653 DEBUG 9928 --- [restartedMain] o.s.w.s.h.BeanNameUrlHandlerMapping      : Rejected bean name 'mappingJackson2HttpMessageConverter': no URL paths identified
2018-02-03 11:42:14.653 DEBUG 9928 --- [restartedMain] o.s.w.s.h.BeanNameUrlHandlerMapping      : Rejected bean name 'org.springframework.boot.autoconfigure.web.JacksonHttpMessageConvertersConfiguration': no URL paths identified
2018-02-03 11:42:14.654 DEBUG 9928 --- [restartedMain] o.s.w.s.h.BeanNameUrlHandlerMapping      : Rejected bean name 'org.springframework.boot.autoconfigure.web.HttpMessageConvertersAutoConfiguration': no URL paths identified
2018-02-03 11:42:14.654 DEBUG 9928 --- [restartedMain] o.s.w.s.h.BeanNameUrlHandlerMapping      : Rejected bean name 'messageConverters': no URL paths identified
2018-02-03 11:42:14.654 DEBUG 9928 --- [restartedMain] o.s.w.s.h.BeanNameUrlHandlerMapping      : Rejected bean name 'org.springframework.data.web.config.SpringDataWebConfiguration': no URL paths identified
2018-02-03 11:42:14.654 DEBUG 9928 --- [restartedMain] o.s.w.s.h.BeanNameUrlHandlerMapping      : Rejected bean name 'pageableResolver': no URL paths identified
2018-02-03 11:42:14.654 DEBUG 9928 --- [restartedMain] o.s.w.s.h.BeanNameUrlHandlerMapping      : Rejected bean name 'sortResolver': no URL paths identified
2018-02-03 11:42:14.654 DEBUG 9928 --- [restartedMain] o.s.w.s.h.BeanNameUrlHandlerMapping      : Rejected bean name 'org.springframework.data.mongodb.core.GeoJsonConfiguration': no URL paths identified
2018-02-03 11:42:14.654 DEBUG 9928 --- [restartedMain] o.s.w.s.h.BeanNameUrlHandlerMapping      : Rejected bean name 'geoJsonModule': no URL paths identified
2018-02-03 11:42:14.654 DEBUG 9928 --- [restartedMain] o.s.w.s.h.BeanNameUrlHandlerMapping      : Rejected bean name 'org.springframework.data.web.config.SpringDataJacksonConfiguration': no URL paths identified
2018-02-03 11:42:14.702 DEBUG 9928 --- [restartedMain] o.s.w.s.h.BeanNameUrlHandlerMapping      : Rejected bean name 'jacksonGeoModule': no URL paths identified
2018-02-03 11:42:14.702 DEBUG 9928 --- [restartedMain] o.s.w.s.h.BeanNameUrlHandlerMapping      : Rejected bean name 'org.springframework.boot.autoconfigure.data.web.SpringDataWebAutoConfiguration': no URL paths identified
2018-02-03 11:42:14.702 DEBUG 9928 --- [restartedMain] o.s.w.s.h.BeanNameUrlHandlerMapping      : Rejected bean name 'org.springframework.boot.autoconfigure.info.ProjectInfoAutoConfiguration': no URL paths identified
2018-02-03 11:42:14.710 DEBUG 9928 --- [restartedMain] o.s.w.s.h.BeanNameUrlHandlerMapping      : Rejected bean name 'spring.info-org.springframework.boot.autoconfigure.info.ProjectInfoProperties': no URL paths identified
2018-02-03 11:42:14.711 DEBUG 9928 --- [restartedMain] o.s.w.s.h.BeanNameUrlHandlerMapping      : Rejected bean name 'org.springframework.boot.autoconfigure.transaction.TransactionAutoConfiguration': no URL paths identified
2018-02-03 11:42:14.711 DEBUG 9928 --- [restartedMain] o.s.w.s.h.BeanNameUrlHandlerMapping      : Rejected bean name 'platformTransactionManagerCustomizers': no URL paths identified
2018-02-03 11:42:14.711 DEBUG 9928 --- [restartedMain] o.s.w.s.h.BeanNameUrlHandlerMapping      : Rejected bean name 'spring.transaction-org.springframework.boot.autoconfigure.transaction.TransactionProperties': no URL paths identified
2018-02-03 11:42:14.711 DEBUG 9928 --- [restartedMain] o.s.w.s.h.BeanNameUrlHandlerMapping      : Rejected bean name 'org.springframework.boot.autoconfigure.web.HttpEncodingAutoConfiguration': no URL paths identified
2018-02-03 11:42:14.711 DEBUG 9928 --- [restartedMain] o.s.w.s.h.BeanNameUrlHandlerMapping      : Rejected bean name 'characterEncodingFilter': no URL paths identified
2018-02-03 11:42:14.711 DEBUG 9928 --- [restartedMain] o.s.w.s.h.BeanNameUrlHandlerMapping      : Rejected bean name 'localeCharsetMappingsCustomizer': no URL paths identified
2018-02-03 11:42:14.711 DEBUG 9928 --- [restartedMain] o.s.w.s.h.BeanNameUrlHandlerMapping      : Rejected bean name 'org.springframework.boot.autoconfigure.web.MultipartAutoConfiguration': no URL paths identified
2018-02-03 11:42:14.711 DEBUG 9928 --- [restartedMain] o.s.w.s.h.BeanNameUrlHandlerMapping      : Rejected bean name 'multipartConfigElement': no URL paths identified
2018-02-03 11:42:14.711 DEBUG 9928 --- [restartedMain] o.s.w.s.h.BeanNameUrlHandlerMapping      : Rejected bean name 'multipartResolver': no URL paths identified
2018-02-03 11:42:14.711 DEBUG 9928 --- [restartedMain] o.s.w.s.h.BeanNameUrlHandlerMapping      : Rejected bean name 'spring.http.multipart-org.springframework.boot.autoconfigure.web.MultipartProperties': no URL paths identified
2018-02-03 11:42:14.711 DEBUG 9928 --- [restartedMain] o.s.w.s.h.BeanNameUrlHandlerMapping      : Rejected bean name 'org.springframework.boot.autoconfigure.web.ServerPropertiesAutoConfiguration': no URL paths identified
2018-02-03 11:42:14.711 DEBUG 9928 --- [restartedMain] o.s.w.s.h.BeanNameUrlHandlerMapping      : Rejected bean name 'serverProperties': no URL paths identified
2018-02-03 11:42:14.711 DEBUG 9928 --- [restartedMain] o.s.w.s.h.BeanNameUrlHandlerMapping      : Rejected bean name 'duplicateServerPropertiesDetector': no URL paths identified
2018-02-03 11:42:14.711 DEBUG 9928 --- [restartedMain] o.s.w.s.h.BeanNameUrlHandlerMapping      : Rejected bean name 'org.springframework.boot.autoconfigure.web.WebClientAutoConfiguration$RestTemplateConfiguration': no URL paths identified
2018-02-03 11:42:14.711 DEBUG 9928 --- [restartedMain] o.s.w.s.h.BeanNameUrlHandlerMapping      : Rejected bean name 'restTemplateBuilder': no URL paths identified
2018-02-03 11:42:14.711 DEBUG 9928 --- [restartedMain] o.s.w.s.h.BeanNameUrlHandlerMapping      : Rejected bean name 'org.springframework.boot.autoconfigure.web.WebClientAutoConfiguration': no URL paths identified
2018-02-03 11:42:14.712 DEBUG 9928 --- [restartedMain] o.s.w.s.h.BeanNameUrlHandlerMapping      : Rejected bean name 'org.springframework.boot.devtools.autoconfigure.LocalDevToolsAutoConfiguration$RestartConfiguration': no URL paths identified
2018-02-03 11:42:14.714 DEBUG 9928 --- [restartedMain] o.s.w.s.h.BeanNameUrlHandlerMapping      : Rejected bean name 'classPathFileSystemWatcher': no URL paths identified
2018-02-03 11:42:14.715 DEBUG 9928 --- [restartedMain] o.s.w.s.h.BeanNameUrlHandlerMapping      : Rejected bean name 'classPathRestartStrategy': no URL paths identified
2018-02-03 11:42:14.715 DEBUG 9928 --- [restartedMain] o.s.w.s.h.BeanNameUrlHandlerMapping      : Rejected bean name 'hateoasObjenesisCacheDisabler': no URL paths identified
2018-02-03 11:42:14.715 DEBUG 9928 --- [restartedMain] o.s.w.s.h.BeanNameUrlHandlerMapping      : Rejected bean name 'fileSystemWatcherFactory': no URL paths identified
2018-02-03 11:42:14.715 DEBUG 9928 --- [restartedMain] o.s.w.s.h.BeanNameUrlHandlerMapping      : Rejected bean name 'org.springframework.boot.devtools.autoconfigure.LocalDevToolsAutoConfiguration$LiveReloadConfiguration': no URL paths identified
2018-02-03 11:42:14.715 DEBUG 9928 --- [restartedMain] o.s.w.s.h.BeanNameUrlHandlerMapping      : Rejected bean name 'liveReloadServer': no URL paths identified
2018-02-03 11:42:14.715 DEBUG 9928 --- [restartedMain] o.s.w.s.h.BeanNameUrlHandlerMapping      : Rejected bean name 'optionalLiveReloadServer': no URL paths identified
2018-02-03 11:42:14.715 DEBUG 9928 --- [restartedMain] o.s.w.s.h.BeanNameUrlHandlerMapping      : Rejected bean name 'org.springframework.boot.devtools.autoconfigure.LocalDevToolsAutoConfiguration': no URL paths identified
2018-02-03 11:42:14.715 DEBUG 9928 --- [restartedMain] o.s.w.s.h.BeanNameUrlHandlerMapping      : Rejected bean name 'spring.devtools-org.springframework.boot.devtools.autoconfigure.DevToolsProperties': no URL paths identified
2018-02-03 11:42:14.715 DEBUG 9928 --- [restartedMain] o.s.w.s.h.BeanNameUrlHandlerMapping      : Rejected bean name 'autoConfigurationReport': no URL paths identified
2018-02-03 11:42:14.715 DEBUG 9928 --- [restartedMain] o.s.w.s.h.BeanNameUrlHandlerMapping      : Rejected bean name 'springApplicationArguments': no URL paths identified
2018-02-03 11:42:14.715 DEBUG 9928 --- [restartedMain] o.s.w.s.h.BeanNameUrlHandlerMapping      : Rejected bean name 'springBootBanner': no URL paths identified
2018-02-03 11:42:14.715 DEBUG 9928 --- [restartedMain] o.s.w.s.h.BeanNameUrlHandlerMapping      : Rejected bean name 'springBootLoggingSystem': no URL paths identified
2018-02-03 11:42:14.715 DEBUG 9928 --- [restartedMain] o.s.w.s.h.BeanNameUrlHandlerMapping      : Rejected bean name 'environment': no URL paths identified
2018-02-03 11:42:14.715 DEBUG 9928 --- [restartedMain] o.s.w.s.h.BeanNameUrlHandlerMapping      : Rejected bean name 'systemProperties': no URL paths identified
2018-02-03 11:42:14.715 DEBUG 9928 --- [restartedMain] o.s.w.s.h.BeanNameUrlHandlerMapping      : Rejected bean name 'systemEnvironment': no URL paths identified
2018-02-03 11:42:14.715 DEBUG 9928 --- [restartedMain] o.s.w.s.h.BeanNameUrlHandlerMapping      : Rejected bean name 'org.springframework.context.annotation.ConfigurationClassPostProcessor.importRegistry': no URL paths identified
2018-02-03 11:42:14.715 DEBUG 9928 --- [restartedMain] o.s.w.s.h.BeanNameUrlHandlerMapping      : Rejected bean name 'messageSource': no URL paths identified
2018-02-03 11:42:14.715 DEBUG 9928 --- [restartedMain] o.s.w.s.h.BeanNameUrlHandlerMapping      : Rejected bean name 'applicationEventMulticaster': no URL paths identified
2018-02-03 11:42:14.715 DEBUG 9928 --- [restartedMain] o.s.w.s.h.BeanNameUrlHandlerMapping      : Rejected bean name 'servletContext': no URL paths identified
2018-02-03 11:42:14.715 DEBUG 9928 --- [restartedMain] o.s.w.s.h.BeanNameUrlHandlerMapping      : Rejected bean name 'contextParameters': no URL paths identified
2018-02-03 11:42:14.715 DEBUG 9928 --- [restartedMain] o.s.w.s.h.BeanNameUrlHandlerMapping      : Rejected bean name 'contextAttributes': no URL paths identified
2018-02-03 11:42:14.720  INFO 9928 --- [restartedMain] o.s.w.s.handler.SimpleUrlHandlerMapping  : Mapped URL path [/webjars/**] onto handler of type [class org.springframework.web.servlet.resource.ResourceHttpRequestHandler]
2018-02-03 11:42:14.720  INFO 9928 --- [restartedMain] o.s.w.s.handler.SimpleUrlHandlerMapping  : Mapped URL path [/**] onto handler of type [class org.springframework.web.servlet.resource.ResourceHttpRequestHandler]
2018-02-03 11:42:14.726 DEBUG 9928 --- [restartedMain] .m.m.a.ExceptionHandlerExceptionResolver : Looking for exception mappings: org.springframework.boot.context.embedded.AnnotationConfigEmbeddedWebApplicationContext@58f33f8c: startup date [Sat Feb 03 11:42:13 EET 2018]; root of context hierarchy
2018-02-03 11:42:14.732  INFO 9928 --- [restartedMain] o.s.w.s.handler.SimpleUrlHandlerMapping  : Mapped URL path [/**/favicon.ico] onto handler of type [class org.springframework.web.servlet.resource.ResourceHttpRequestHandler]
2018-02-03 11:42:14.767  INFO 9928 --- [restartedMain] o.s.b.d.a.OptionalLiveReloadServer       : LiveReload server is running on port 35729
2018-02-03 11:42:14.933  INFO 9928 --- [restartedMain] o.s.j.e.a.AnnotationMBeanExporter        : Registering beans for JMX exposure on startup
2018-02-03 11:42:14.946 DEBUG 9928 --- [restartedMain] o.s.w.s.resource.ResourceUrlProvider     : Looking for resource handler mappings
2018-02-03 11:42:14.947 DEBUG 9928 --- [restartedMain] o.s.w.s.resource.ResourceUrlProvider     : Found resource handler mapping: URL pattern="/**/favicon.ico", locations=[ServletContext resource [/], class path resource [META-INF/resources/], class path resource [resources/], class path resource [static/], class path resource [public/], class path resource []], resolvers=[org.springframework.web.servlet.resource.PathResourceResolver@5e36fd87]
2018-02-03 11:42:14.948 DEBUG 9928 --- [restartedMain] o.s.w.s.resource.ResourceUrlProvider     : Found resource handler mapping: URL pattern="/webjars/**", locations=[class path resource [META-INF/resources/webjars/]], resolvers=[org.springframework.web.servlet.resource.PathResourceResolver@199303aa]
2018-02-03 11:42:14.948 DEBUG 9928 --- [restartedMain] o.s.w.s.resource.ResourceUrlProvider     : Found resource handler mapping: URL pattern="/**", locations=[ServletContext resource [/], class path resource [META-INF/resources/], class path resource [resources/], class path resource [static/], class path resource [public/]], resolvers=[org.springframework.web.servlet.resource.PathResourceResolver@7e3f9a8]
2018-02-03 11:42:15.098  INFO 9928 --- [restartedMain] s.b.c.e.t.TomcatEmbeddedServletContainer : Tomcat started on port(s): 8080 (http)
2018-02-03 11:42:15.099 DEBUG 9928 --- [restartedMain] o.s.w.c.s.StandardServletEnvironment     : Adding PropertySource 'server.ports' with highest search precedence
2018-02-03 11:42:15.102  INFO 9928 --- [restartedMain] c.d.g.GamificationApplication            : Started GamificationApplication in 1.462 seconds (JVM running for 94.727)
2018-02-03 11:42:17.034 DEBUG 9928 --- [http-nio-8080-exec-9] o.s.web.servlet.DispatcherServlet        : Initializing servlet 'dispatcherServlet'
2018-02-03 11:42:17.034  INFO 9928 --- [http-nio-8080-exec-9] o.a.c.c.C.[Tomcat].[localhost].[/]       : Initializing Spring FrameworkServlet 'dispatcherServlet'
2018-02-03 11:42:17.034  INFO 9928 --- [http-nio-8080-exec-9] o.s.web.servlet.DispatcherServlet        : FrameworkServlet 'dispatcherServlet': initialization started
2018-02-03 11:42:17.034 DEBUG 9928 --- [http-nio-8080-exec-9] o.s.web.servlet.DispatcherServlet        : Using MultipartResolver [org.springframework.web.multipart.support.StandardServletMultipartResolver@2c6f8c1f]
2018-02-03 11:42:17.035 DEBUG 9928 --- [http-nio-8080-exec-9] o.s.web.servlet.DispatcherServlet        : Unable to locate LocaleResolver with name 'localeResolver': using default [org.springframework.web.servlet.i18n.AcceptHeaderLocaleResolver@28500d4a]
2018-02-03 11:42:17.035 DEBUG 9928 --- [http-nio-8080-exec-9] o.s.web.servlet.DispatcherServlet        : Unable to locate ThemeResolver with name 'themeResolver': using default [org.springframework.web.servlet.theme.FixedThemeResolver@6d528624]
2018-02-03 11:42:17.037 DEBUG 9928 --- [http-nio-8080-exec-9] o.s.web.servlet.DispatcherServlet        : Unable to locate RequestToViewNameTranslator with name 'viewNameTranslator': using default [org.springframework.web.servlet.view.DefaultRequestToViewNameTranslator@c2aa402]
2018-02-03 11:42:17.038 DEBUG 9928 --- [http-nio-8080-exec-9] o.s.web.servlet.DispatcherServlet        : Unable to locate FlashMapManager with name 'flashMapManager': using default [org.springframework.web.servlet.support.SessionFlashMapManager@5c75ceec]
2018-02-03 11:42:17.039 DEBUG 9928 --- [http-nio-8080-exec-9] o.s.web.servlet.DispatcherServlet        : Published WebApplicationContext of servlet 'dispatcherServlet' as ServletContext attribute with name [org.springframework.web.servlet.FrameworkServlet.CONTEXT.dispatcherServlet]
2018-02-03 11:42:17.040  INFO 9928 --- [http-nio-8080-exec-9] o.s.web.servlet.DispatcherServlet        : FrameworkServlet 'dispatcherServlet': initialization completed in 6 ms
2018-02-03 11:42:17.040 DEBUG 9928 --- [http-nio-8080-exec-9] o.s.web.servlet.DispatcherServlet        : Servlet 'dispatcherServlet' configured successfully
2018-02-03 11:42:17.040 DEBUG 9928 --- [http-nio-8080-exec-9] o.s.web.servlet.DispatcherServlet        : DispatcherServlet with name 'dispatcherServlet' processing GET earnedPointsRequest for [/users/]
2018-02-03 11:42:17.040 DEBUG 9928 --- [http-nio-8080-exec-9] s.w.s.m.m.a.RequestMappingHandlerMapping : Looking up handler method for path /users/
2018-02-03 11:42:17.040 DEBUG 9928 --- [http-nio-8080-exec-9] s.w.s.m.m.a.RequestMappingHandlerMapping : Returning handler method [public org.springframework.http.ResponseEntity<java.util.List<com.dep.gamification.models.User>> com.dep.gamification.controllers.UserController.getAllUsers()]
2018-02-03 11:42:17.041 DEBUG 9928 --- [http-nio-8080-exec-9] o.s.web.servlet.DispatcherServlet        : Last-Modified value for [/users/] is: -1
2018-02-03 11:42:17.052  INFO 9928 --- [http-nio-8080-exec-9] org.mongodb.driver.connection            : Opened connection [connectionId{localValue:4, serverValue:9}] to localhost:27017
2018-02-03 11:42:17.063 DEBUG 9928 --- [http-nio-8080-exec-9] o.s.w.s.m.m.a.HttpEntityMethodProcessor  : Written [[com.dep.gamification.models.User@54aed672, com.dep.gamification.models.User@26de70a5]] as "application/json" using [org.springframework.http.converter.json.MappingJackson2HttpMessageConverter@23db670e]
2018-02-03 11:42:17.063 DEBUG 9928 --- [http-nio-8080-exec-9] o.s.web.servlet.DispatcherServlet        : Null ModelAndView returned to DispatcherServlet with name 'dispatcherServlet': assuming HandlerAdapter completed earnedPointsRequest handling
2018-02-03 11:42:17.063 DEBUG 9928 --- [http-nio-8080-exec-9] o.s.web.servlet.DispatcherServlet        : Successfully completed earnedPointsRequest
2018-02-03 11:42:56.449  INFO 9928 --- [Thread-10] ationConfigEmbeddedWebApplicationContext : Closing org.springframework.boot.context.embedded.AnnotationConfigEmbeddedWebApplicationContext@58f33f8c: startup date [Sat Feb 03 11:42:13 EET 2018]; root of context hierarchy
2018-02-03 11:42:56.450  INFO 9928 --- [Thread-10] o.s.j.e.a.AnnotationMBeanExporter        : Unregistering JMX-exposed beans on shutdown
2018-02-03 11:42:56.456  INFO 9928 --- [Thread-10] org.mongodb.driver.connection            : Closed connection [connectionId{localValue:4, serverValue:9}] to localhost:27017 because the pool has been closed.
